<?xml version="1.0" encoding="UTF-8"?>
<!-- Generated by org.testng.reporters.JUnitReportReporter -->
<testsuite hostname="XARISX" failures="0" tests="2" name="testNGExecution.SearchJava" time="35.225" errors="0" timestamp="2023-09-17T11:08:59 IST" skipped="0">
  <testcase classname="testNGExecution.SearchJava" name="java_search_in_chrome" time="8.986">
    <system-out>
      <![CDATA[java]]>
    </system-out>
  </testcase> <!-- java_search_in_chrome -->
  <testcase classname="testNGExecution.SearchJava" name="java_search_in_chrome" time="26.239">
    <system-out>
      <![CDATA[java]]>
    </system-out>
  </testcase> <!-- java_search_in_chrome -->
  <system-out>
    <![CDATA[Selenium
java
java
Selenium]]>
  </system-out>
</testsuite> <!-- testNGExecution.SearchJava -->
