<?xml version="1.0" encoding="UTF-8"?>
<!-- Generated by org.testng.reporters.JUnitReportReporter -->
<testsuite hostname="XARISX" failures="0" tests="3" name="testNG_Annotations_Flags.Flag5" time="0.019" errors="0" timestamp="2023-09-20T14:29:41 IST" skipped="0">
  <testcase classname="testNG_Annotations_Flags.Flag5" name="loginMethod" time="0.015"/>
  <testcase classname="testNG_Annotations_Flags.Flag5" name="createUserMethod" time="0.002"/>
  <testcase classname="testNG_Annotations_Flags.Flag5" name="logoutMethod" time="0.002"/>
</testsuite> <!-- testNG_Annotations_Flags.Flag5 -->
