<?xml version="1.0" encoding="UTF-8"?>
<!-- Generated by org.testng.reporters.JUnitReportReporter -->
<testsuite hostname="XARISX" failures="0" tests="1" name="testNGExecution.SearchSQL" time="12.323" errors="0" timestamp="2023-09-17T10:24:25 IST" skipped="0">
  <testcase classname="testNGExecution.SearchSQL" name="search_sql_in_firefox" time="12.323">
    <system-out>
      <![CDATA[SQL]]>
    </system-out>
  </testcase> <!-- search_sql_in_firefox -->
  <system-out>
    <![CDATA[java
Selenium
SQL]]>
  </system-out>
</testsuite> <!-- testNGExecution.SearchSQL -->
