<?xml version="1.0" encoding="UTF-8"?>
<!-- Generated by org.testng.reporters.JUnitReportReporter -->
<testsuite hostname="XARISX" failures="0" tests="1" name="testNG.ActiTimeAssertion" time="4.740" errors="0" timestamp="2023-09-23T22:50:13 IST" skipped="0">
  <testcase classname="testNG.ActiTimeAssertion" name="loginMethod" time="4.740"/>
</testsuite> <!-- testNG.ActiTimeAssertion -->
