<?xml version="1.0" encoding="UTF-8"?>
<!-- Generated by org.testng.reporters.JUnitReportReporter -->
<testsuite hostname="XARISX" failures="0" tests="2" name="testNGExecution.TestNGClass3" time="0.024" errors="0" timestamp="2023-09-17T11:22:56 IST" skipped="0">
  <testcase classname="testNGExecution.TestNGClass3" name="method6" time="0.012">
    <system-out>
      <![CDATA[TestNGClass2 : Method6]]>
    </system-out>
  </testcase> <!-- method6 -->
  <testcase classname="testNGExecution.TestNGClass3" name="method5" time="0.012">
    <system-out>
      <![CDATA[TestNGClass2 : Method5]]>
    </system-out>
  </testcase> <!-- method5 -->
  <system-out>
    <![CDATA[TestNGClass2 : Method4
TestNGClass1 : Method1
TestNGClass2 : Method3
TestNGClass2 : Method6
TestNGClass2 : Method5
TestNGClass2 : Method2]]>
  </system-out>
</testsuite> <!-- testNGExecution.TestNGClass3 -->
