<?xml version="1.0" encoding="UTF-8"?>
<!-- Generated by org.testng.reporters.JUnitReportReporter -->
<testsuite hostname="XARISX" failures="0" tests="2" name="testNGExecution.TestNGClass2" time="0.024" errors="0" timestamp="2023-09-17T11:22:56 IST" skipped="0">
  <testcase classname="testNGExecution.TestNGClass2" name="method3" time="0.012">
    <system-out>
      <![CDATA[TestNGClass2 : Method3]]>
    </system-out>
  </testcase> <!-- method3 -->
  <testcase classname="testNGExecution.TestNGClass2" name="method4" time="0.012">
    <system-out>
      <![CDATA[TestNGClass2 : Method4]]>
    </system-out>
  </testcase> <!-- method4 -->
  <system-out>
    <![CDATA[TestNGClass2 : Method4
TestNGClass1 : Method1
TestNGClass2 : Method3
TestNGClass2 : Method6
TestNGClass2 : Method5
TestNGClass2 : Method2]]>
  </system-out>
</testsuite> <!-- testNGExecution.TestNGClass2 -->
