<?xml version="1.0" encoding="UTF-8"?>
<!-- Generated by org.testng.reporters.JUnitReportReporter -->
<testsuite hostname="XARISX" failures="0" tests="2" name="testNGExecution.SelectBrowser" time="6.197" errors="0" timestamp="2023-09-17T12:19:48 IST" skipped="0">
  <testcase classname="testNGExecution.SelectBrowser" name="select_Browser_method" time="3.802"/>
  <testcase classname="testNGExecution.SelectBrowser" name="select_Browser_method" time="2.395"/>
</testsuite> <!-- testNGExecution.SelectBrowser -->
