<?xml version="1.0" encoding="UTF-8"?>
<!-- Generated by org.testng.reporters.JUnitReportReporter -->
<testsuite hostname="XARISX" failures="0" tests="18" name="testNG_Annotations_Flags.Flag6" time="0.028" errors="0" timestamp="2023-09-20T15:13:12 IST" skipped="0">
  <testcase classname="testNG_Annotations_Flags.Flag6" name="it3" time="0.002"/>
  <testcase classname="testNG_Annotations_Flags.Flag6" name="st5" time="0.002"/>
  <testcase classname="testNG_Annotations_Flags.Flag6" name="ft5" time="0.002"/>
  <testcase classname="testNG_Annotations_Flags.Flag6" name="st2" time="0.000"/>
  <testcase classname="testNG_Annotations_Flags.Flag6" name="ft6" time="0.001"/>
  <testcase classname="testNG_Annotations_Flags.Flag6" name="ft3" time="0.001"/>
  <testcase classname="testNG_Annotations_Flags.Flag6" name="st1" time="0.001"/>
  <testcase classname="testNG_Annotations_Flags.Flag6" name="ft4" time="0.001"/>
  <testcase classname="testNG_Annotations_Flags.Flag6" name="st3" time="0.002"/>
  <testcase classname="testNG_Annotations_Flags.Flag6" name="st4" time="0.001"/>
  <testcase classname="testNG_Annotations_Flags.Flag6" name="it4" time="0.001"/>
  <testcase classname="testNG_Annotations_Flags.Flag6" name="it2" time="0.001"/>
  <testcase classname="testNG_Annotations_Flags.Flag6" name="it5" time="0.000"/>
  <testcase classname="testNG_Annotations_Flags.Flag6" name="it1" time="0.001"/>
  <testcase classname="testNG_Annotations_Flags.Flag6" name="it6" time="0.001"/>
  <testcase classname="testNG_Annotations_Flags.Flag6" name="ft2" time="0.001"/>
  <testcase classname="testNG_Annotations_Flags.Flag6" name="st6" time="0.001"/>
  <testcase classname="testNG_Annotations_Flags.Flag6" name="ft1" time="0.009"/>
</testsuite> <!-- testNG_Annotations_Flags.Flag6 -->
