<?xml version="1.0" encoding="UTF-8"?>
<!-- Generated by org.testng.reporters.JUnitReportReporter -->
<testsuite hostname="XARISX" failures="0" tests="2" name="testNG.Demo" time="0.004" errors="0" timestamp="2023-09-16T13:43:56 IST" skipped="0">
  <testcase classname="testNG.Demo" name="method1" time="0.001">
    <system-out>
      <![CDATA[DEMO CLASS : Method1]]>
    </system-out>
  </testcase> <!-- method1 -->
  <testcase classname="testNG.Demo" name="method2" time="0.003">
    <system-out>
      <![CDATA[DEMO CLASS : Method2]]>
    </system-out>
  </testcase> <!-- method2 -->
  <system-out>
    <![CDATA[SUMO CLASS : Method5
SUMO CLASS : Method6
REMO CLASS : Method3
REMO CLASS : Method4
DEMO CLASS : Method1
DEMO CLASS : Method2]]>
  </system-out>
</testsuite> <!-- testNG.Demo -->
