<?xml version="1.0" encoding="UTF-8"?>
<!-- Generated by org.testng.reporters.JUnitReportReporter -->
<testsuite hostname="XARISX" failures="0" tests="2" name="testNG.Remo" time="0.010" errors="0" timestamp="2023-09-16T13:43:56 IST" skipped="0">
  <testcase classname="testNG.Remo" name="method4" time="0.009">
    <system-out>
      <![CDATA[REMO CLASS : Method4]]>
    </system-out>
  </testcase> <!-- method4 -->
  <testcase classname="testNG.Remo" name="method3" time="0.001">
    <system-out>
      <![CDATA[REMO CLASS : Method3]]>
    </system-out>
  </testcase> <!-- method3 -->
  <system-out>
    <![CDATA[SUMO CLASS : Method5
SUMO CLASS : Method6
REMO CLASS : Method3
REMO CLASS : Method4
DEMO CLASS : Method1
DEMO CLASS : Method2]]>
  </system-out>
</testsuite> <!-- testNG.Remo -->
