<?xml version="1.0" encoding="UTF-8"?>
<!-- Generated by org.testng.reporters.JUnitReportReporter -->
<testsuite hostname="XARISX" failures="0" tests="2" name="testNGExecution.SearchSelenium" time="25.524" errors="0" timestamp="2023-09-17T11:08:59 IST" skipped="0">
  <testcase classname="testNGExecution.SearchSelenium" name="selenium_search_in_edge" time="9.413">
    <system-out>
      <![CDATA[Selenium]]>
    </system-out>
  </testcase> <!-- selenium_search_in_edge -->
  <testcase classname="testNGExecution.SearchSelenium" name="selenium_search_in_edge" time="16.111">
    <system-out>
      <![CDATA[Selenium]]>
    </system-out>
  </testcase> <!-- selenium_search_in_edge -->
  <system-out>
    <![CDATA[Selenium
java
java
Selenium]]>
  </system-out>
</testsuite> <!-- testNGExecution.SearchSelenium -->
