<?xml version="1.0" encoding="UTF-8"?>
<!-- Generated by org.testng.reporters.JUnitReportReporter -->
<testsuite hostname="XARISX" failures="0" tests="2" name="testNG_Annotations_Flags.TestNG_Annotations" time="0.009" errors="0" timestamp="2023-09-18T14:25:13 IST" skipped="0">
  <testcase classname="testNG_Annotations_Flags.TestNG_Annotations" name="method_test_Annotation2" time="0.003">
    <system-out>
      <![CDATA[TestAnnotation2]]>
    </system-out>
  </testcase> <!-- method_test_Annotation2 -->
  <testcase classname="testNG_Annotations_Flags.TestNG_Annotations" name="method_test_Annotation1" time="0.006">
    <system-out>
      <![CDATA[TestAnnotation1]]>
    </system-out>
  </testcase> <!-- method_test_Annotation1 -->
  <system-out>
    <![CDATA[BeforeSuiteAnnotation
BeforeTestAnnotation
BeforeClassAnnotation
BeforeMethodAnnotation
TestAnnotation1
AfterMethodAnnotation
BeforeMethodAnnotation
TestAnnotation2
AfterMethodAnnotation
AfterClassAnnotation
After Test Annotation
AfterSuiteAnnotation]]>
  </system-out>
</testsuite> <!-- testNG_Annotations_Flags.TestNG_Annotations -->
